<?xml version="1.0" encoding="UTF-8"?>
<testsuite xmlns:xsi="http://www.w3.org/2001/XMLSchema-instance" xsi:noNamespaceSchemaLocation="https://maven.apache.org/surefire/maven-surefire-plugin/xsd/surefire-test-report-3.0.xsd" version="3.0" name="api.ForFillingOutTheApiFormTests" time="4.979" tests="2" errors="0" skipped="0" failures="0">
  <properties>
    <property name="java.specification.version" value="17"/>
    <property name="sun.cpu.isalist" value="amd64"/>
    <property name="sun.jnu.encoding" value="Cp1251"/>
    <property name="java.class.path" value="C:\Users\Orekhov\IdeaProjects\HackMeBankTests\target\test-classes;C:\Users\Orekhov\IdeaProjects\HackMeBankTests\target\classes;C:\Users\Orekhov\.m2\repository\io\rest-assured\rest-assured\5.4.0\rest-assured-5.4.0.jar;C:\Users\Orekhov\.m2\repository\org\apache\groovy\groovy\4.0.16\groovy-4.0.16.jar;C:\Users\Orekhov\.m2\repository\org\apache\groovy\groovy-xml\4.0.16\groovy-xml-4.0.16.jar;C:\Users\Orekhov\.m2\repository\org\apache\httpcomponents\httpclient\4.5.13\httpclient-4.5.13.jar;C:\Users\Orekhov\.m2\repository\org\apache\httpcomponents\httpcore\4.4.13\httpcore-4.4.13.jar;C:\Users\Orekhov\.m2\repository\commons-logging\commons-logging\1.2\commons-logging-1.2.jar;C:\Users\Orekhov\.m2\repository\commons-codec\commons-codec\1.11\commons-codec-1.11.jar;C:\Users\Orekhov\.m2\repository\org\apache\httpcomponents\httpmime\4.5.13\httpmime-4.5.13.jar;C:\Users\Orekhov\.m2\repository\org\hamcrest\hamcrest\2.2\hamcrest-2.2.jar;C:\Users\Orekhov\.m2\repository\org\ccil\cowan\tagsoup\tagsoup\1.2.1\tagsoup-1.2.1.jar;C:\Users\Orekhov\.m2\repository\io\rest-assured\json-path\5.4.0\json-path-5.4.0.jar;C:\Users\Orekhov\.m2\repository\org\apache\groovy\groovy-json\4.0.16\groovy-json-4.0.16.jar;C:\Users\Orekhov\.m2\repository\io\rest-assured\rest-assured-common\5.4.0\rest-assured-common-5.4.0.jar;C:\Users\Orekhov\.m2\repository\io\rest-assured\xml-path\5.4.0\xml-path-5.4.0.jar;C:\Users\Orekhov\.m2\repository\io\qameta\allure\allure-rest-assured\2.25.0\allure-rest-assured-2.25.0.jar;C:\Users\Orekhov\.m2\repository\io\qameta\allure\allure-attachments\2.25.0\allure-attachments-2.25.0.jar;C:\Users\Orekhov\.m2\repository\org\freemarker\freemarker\2.3.31\freemarker-2.3.31.jar;C:\Users\Orekhov\.m2\repository\org\apache\commons\commons-lang3\3.12.0\commons-lang3-3.12.0.jar;C:\Users\Orekhov\.m2\repository\org\assertj\assertj-core\3.24.2\assertj-core-3.24.2.jar;C:\Users\Orekhov\.m2\repository\net\bytebuddy\byte-buddy\1.12.21\byte-buddy-1.12.21.jar;C:\Users\Orekhov\.m2\repository\org\projectlombok\lombok\1.18.30\lombok-1.18.30.jar;C:\Users\Orekhov\.m2\repository\io\qameta\allure\allure-commandline\2.25.0\allure-commandline-2.25.0.jar;C:\Users\Orekhov\.m2\repository\ch\qos\logback\logback-classic\1.3.11\logback-classic-1.3.11.jar;C:\Users\Orekhov\.m2\repository\ch\qos\logback\logback-core\1.3.11\logback-core-1.3.11.jar;C:\Users\Orekhov\.m2\repository\com\beust\jcommander\1.82\jcommander-1.82.jar;C:\Users\Orekhov\.m2\repository\com\fasterxml\jackson\dataformat\jackson-dataformat-yaml\2.16.0\jackson-dataformat-yaml-2.16.0.jar;C:\Users\Orekhov\.m2\repository\commons-io\commons-io\2.15.1\commons-io-2.15.1.jar;C:\Users\Orekhov\.m2\repository\org\eclipse\jetty\jetty-server\9.4.53.v20231009\jetty-server-9.4.53.v20231009.jar;C:\Users\Orekhov\.m2\repository\javax\servlet\javax.servlet-api\3.1.0\javax.servlet-api-3.1.0.jar;C:\Users\Orekhov\.m2\repository\org\eclipse\jetty\jetty-http\9.4.53.v20231009\jetty-http-9.4.53.v20231009.jar;C:\Users\Orekhov\.m2\repository\org\eclipse\jetty\jetty-util\9.4.53.v20231009\jetty-util-9.4.53.v20231009.jar;C:\Users\Orekhov\.m2\repository\org\eclipse\jetty\jetty-io\9.4.53.v20231009\jetty-io-9.4.53.v20231009.jar;C:\Users\Orekhov\.m2\repository\io\qameta\allure\allure-generator\2.25.0\allure-generator-2.25.0.jar;C:\Users\Orekhov\.m2\repository\io\qameta\allure\allure-plugin-api\2.25.0\allure-plugin-api-2.25.0.jar;C:\Users\Orekhov\.m2\repository\com\opencsv\opencsv\4.6\opencsv-4.6.jar;C:\Users\Orekhov\.m2\repository\org\apache\commons\commons-text\1.3\commons-text-1.3.jar;C:\Users\Orekhov\.m2\repository\commons-beanutils\commons-beanutils\1.9.3\commons-beanutils-1.9.3.jar;C:\Users\Orekhov\.m2\repository\commons-collections\commons-collections\3.2.2\commons-collections-3.2.2.jar;C:\Users\Orekhov\.m2\repository\org\apache\commons\commons-collections4\4.2\commons-collections4-4.2.jar;C:\Users\Orekhov\.m2\repository\com\vladsch\flexmark\flexmark\0.62.2\flexmark-0.62.2.jar;C:\Users\Orekhov\.m2\repository\com\vladsch\flexmark\flexmark-util-ast\0.62.2\flexmark-util-ast-0.62.2.jar;C:\Users\Orekhov\.m2\repository\org\jetbrains\annotations\15.0\annotations-15.0.jar;C:\Users\Orekhov\.m2\repository\com\vladsch\flexmark\flexmark-util-builder\0.62.2\flexmark-util-builder-0.62.2.jar;C:\Users\Orekhov\.m2\repository\com\vladsch\flexmark\flexmark-util-collection\0.62.2\flexmark-util-collection-0.62.2.jar;C:\Users\Orekhov\.m2\repository\com\vladsch\flexmark\flexmark-util-data\0.62.2\flexmark-util-data-0.62.2.jar;C:\Users\Orekhov\.m2\repository\com\vladsch\flexmark\flexmark-util-dependency\0.62.2\flexmark-util-dependency-0.62.2.jar;C:\Users\Orekhov\.m2\repository\com\vladsch\flexmark\flexmark-util-format\0.62.2\flexmark-util-format-0.62.2.jar;C:\Users\Orekhov\.m2\repository\com\vladsch\flexmark\flexmark-util-html\0.62.2\flexmark-util-html-0.62.2.jar;C:\Users\Orekhov\.m2\repository\com\vladsch\flexmark\flexmark-util-misc\0.62.2\flexmark-util-misc-0.62.2.jar;C:\Users\Orekhov\.m2\repository\com\vladsch\flexmark\flexmark-util-sequence\0.62.2\flexmark-util-sequence-0.62.2.jar;C:\Users\Orekhov\.m2\repository\com\vladsch\flexmark\flexmark-util-visitor\0.62.2\flexmark-util-visitor-0.62.2.jar;C:\Users\Orekhov\.m2\repository\com\vladsch\flexmark\flexmark-ext-tables\0.62.2\flexmark-ext-tables-0.62.2.jar;C:\Users\Orekhov\.m2\repository\com\vladsch\flexmark\flexmark-util\0.62.2\flexmark-util-0.62.2.jar;C:\Users\Orekhov\.m2\repository\com\vladsch\flexmark\flexmark-util-options\0.62.2\flexmark-util-options-0.62.2.jar;C:\Users\Orekhov\.m2\repository\com\fasterxml\jackson\dataformat\jackson-dataformat-xml\2.16.0\jackson-dataformat-xml-2.16.0.jar;C:\Users\Orekhov\.m2\repository\org\codehaus\woodstox\stax2-api\4.2.1\stax2-api-4.2.1.jar;C:\Users\Orekhov\.m2\repository\com\fasterxml\woodstox\woodstox-core\6.5.1\woodstox-core-6.5.1.jar;C:\Users\Orekhov\.m2\repository\com\fasterxml\jackson\module\jackson-module-jaxb-annotations\2.16.0\jackson-module-jaxb-annotations-2.16.0.jar;C:\Users\Orekhov\.m2\repository\jakarta\xml\bind\jakarta.xml.bind-api\2.3.3\jakarta.xml.bind-api-2.3.3.jar;C:\Users\Orekhov\.m2\repository\jakarta\activation\jakarta.activation-api\1.2.2\jakarta.activation-api-1.2.2.jar;C:\Users\Orekhov\.m2\repository\io\qameta\allure\allure-model\2.25.0\allure-model-2.25.0.jar;C:\Users\Orekhov\.m2\repository\javax\xml\bind\jaxb-api\2.3.1\jaxb-api-2.3.1.jar;C:\Users\Orekhov\.m2\repository\javax\activation\javax.activation-api\1.2.0\javax.activation-api-1.2.0.jar;C:\Users\Orekhov\.m2\repository\org\allurefw\allure1-model\1.0\allure1-model-1.0.jar;C:\Users\Orekhov\.m2\repository\ru\qatools\commons\properties\2.0.RC5\properties-2.0.RC5.jar;C:\Users\Orekhov\.m2\repository\com\github\baev\jaxb-utils\1.0\jaxb-utils-1.0.jar;C:\Users\Orekhov\.m2\repository\org\apache\tika\tika-core\2.9.1\tika-core-2.9.1.jar;C:\Users\Orekhov\.m2\repository\org\junit\jupiter\junit-jupiter\5.10.2\junit-jupiter-5.10.2.jar;C:\Users\Orekhov\.m2\repository\org\junit\jupiter\junit-jupiter-api\5.10.2\junit-jupiter-api-5.10.2.jar;C:\Users\Orekhov\.m2\repository\org\opentest4j\opentest4j\1.3.0\opentest4j-1.3.0.jar;C:\Users\Orekhov\.m2\repository\org\junit\platform\junit-platform-commons\1.10.2\junit-platform-commons-1.10.2.jar;C:\Users\Orekhov\.m2\repository\org\apiguardian\apiguardian-api\1.1.2\apiguardian-api-1.1.2.jar;C:\Users\Orekhov\.m2\repository\org\junit\jupiter\junit-jupiter-params\5.10.2\junit-jupiter-params-5.10.2.jar;C:\Users\Orekhov\.m2\repository\org\junit\jupiter\junit-jupiter-engine\5.10.2\junit-jupiter-engine-5.10.2.jar;C:\Users\Orekhov\.m2\repository\org\junit\platform\junit-platform-engine\1.10.2\junit-platform-engine-1.10.2.jar;C:\Users\Orekhov\.m2\repository\io\qameta\allure\allure-junit5\2.25.0\allure-junit5-2.25.0.jar;C:\Users\Orekhov\.m2\repository\io\qameta\allure\allure-junit-platform\2.25.0\allure-junit-platform-2.25.0.jar;C:\Users\Orekhov\.m2\repository\io\qameta\allure\allure-test-filter\2.25.0\allure-test-filter-2.25.0.jar;C:\Users\Orekhov\.m2\repository\org\junit\platform\junit-platform-launcher\1.9.2\junit-platform-launcher-1.9.2.jar;C:\Users\Orekhov\.m2\repository\org\aspectj\aspectjweaver\1.9.21\aspectjweaver-1.9.21.jar;C:\Users\Orekhov\.m2\repository\net\datafaker\datafaker\2.0.2\datafaker-2.0.2.jar;C:\Users\Orekhov\.m2\repository\org\yaml\snakeyaml\2.2\snakeyaml-2.2.jar;C:\Users\Orekhov\.m2\repository\com\github\mifmif\generex\1.0.2\generex-1.0.2.jar;C:\Users\Orekhov\.m2\repository\dk\brics\automaton\automaton\1.11-8\automaton-1.11-8.jar;C:\Users\Orekhov\.m2\repository\com\fasterxml\jackson\core\jackson-databind\2.15.3\jackson-databind-2.15.3.jar;C:\Users\Orekhov\.m2\repository\com\fasterxml\jackson\core\jackson-annotations\2.15.3\jackson-annotations-2.15.3.jar;C:\Users\Orekhov\.m2\repository\com\fasterxml\jackson\core\jackson-core\2.15.3\jackson-core-2.15.3.jar;C:\Users\Orekhov\.m2\repository\com\codeborne\selenide\7.2.1\selenide-7.2.1.jar;C:\Users\Orekhov\.m2\repository\org\seleniumhq\selenium\selenium-java\4.18.1\selenium-java-4.18.1.jar;C:\Users\Orekhov\.m2\repository\org\seleniumhq\selenium\selenium-api\4.18.1\selenium-api-4.18.1.jar;C:\Users\Orekhov\.m2\repository\org\seleniumhq\selenium\selenium-chrome-driver\4.18.1\selenium-chrome-driver-4.18.1.jar;C:\Users\Orekhov\.m2\repository\com\google\auto\service\auto-service-annotations\1.1.1\auto-service-annotations-1.1.1.jar;C:\Users\Orekhov\.m2\repository\org\seleniumhq\selenium\selenium-chromium-driver\4.18.1\selenium-chromium-driver-4.18.1.jar;C:\Users\Orekhov\.m2\repository\org\seleniumhq\selenium\selenium-json\4.18.1\selenium-json-4.18.1.jar;C:\Users\Orekhov\.m2\repository\org\seleniumhq\selenium\selenium-manager\4.18.1\selenium-manager-4.18.1.jar;C:\Users\Orekhov\.m2\repository\org\seleniumhq\selenium\selenium-devtools-v120\4.18.1\selenium-devtools-v120-4.18.1.jar;C:\Users\Orekhov\.m2\repository\org\seleniumhq\selenium\selenium-devtools-v121\4.18.1\selenium-devtools-v121-4.18.1.jar;C:\Users\Orekhov\.m2\repository\org\seleniumhq\selenium\selenium-devtools-v122\4.18.1\selenium-devtools-v122-4.18.1.jar;C:\Users\Orekhov\.m2\repository\org\seleniumhq\selenium\selenium-devtools-v85\4.18.1\selenium-devtools-v85-4.18.1.jar;C:\Users\Orekhov\.m2\repository\org\seleniumhq\selenium\selenium-edge-driver\4.18.1\selenium-edge-driver-4.18.1.jar;C:\Users\Orekhov\.m2\repository\org\seleniumhq\selenium\selenium-firefox-driver\4.18.1\selenium-firefox-driver-4.18.1.jar;C:\Users\Orekhov\.m2\repository\org\seleniumhq\selenium\selenium-http\4.18.1\selenium-http-4.18.1.jar;C:\Users\Orekhov\.m2\repository\dev\failsafe\failsafe\3.3.2\failsafe-3.3.2.jar;C:\Users\Orekhov\.m2\repository\org\seleniumhq\selenium\selenium-ie-driver\4.18.1\selenium-ie-driver-4.18.1.jar;C:\Users\Orekhov\.m2\repository\org\seleniumhq\selenium\selenium-remote-driver\4.18.1\selenium-remote-driver-4.18.1.jar;C:\Users\Orekhov\.m2\repository\io\opentelemetry\semconv\opentelemetry-semconv\1.23.1-alpha\opentelemetry-semconv-1.23.1-alpha.jar;C:\Users\Orekhov\.m2\repository\io\opentelemetry\opentelemetry-api\1.35.0\opentelemetry-api-1.35.0.jar;C:\Users\Orekhov\.m2\repository\io\opentelemetry\opentelemetry-context\1.35.0\opentelemetry-context-1.35.0.jar;C:\Users\Orekhov\.m2\repository\io\opentelemetry\opentelemetry-exporter-logging\1.35.0\opentelemetry-exporter-logging-1.35.0.jar;C:\Users\Orekhov\.m2\repository\io\opentelemetry\opentelemetry-sdk-common\1.35.0\opentelemetry-sdk-common-1.35.0.jar;C:\Users\Orekhov\.m2\repository\io\opentelemetry\opentelemetry-sdk-extension-autoconfigure-spi\1.35.0\opentelemetry-sdk-extension-autoconfigure-spi-1.35.0.jar;C:\Users\Orekhov\.m2\repository\io\opentelemetry\opentelemetry-sdk-extension-autoconfigure\1.35.0\opentelemetry-sdk-extension-autoconfigure-1.35.0.jar;C:\Users\Orekhov\.m2\repository\io\opentelemetry\opentelemetry-api-events\1.35.0-alpha\opentelemetry-api-events-1.35.0-alpha.jar;C:\Users\Orekhov\.m2\repository\io\opentelemetry\opentelemetry-sdk-trace\1.35.0\opentelemetry-sdk-trace-1.35.0.jar;C:\Users\Orekhov\.m2\repository\io\opentelemetry\opentelemetry-extension-incubator\1.35.0-alpha\opentelemetry-extension-incubator-1.35.0-alpha.jar;C:\Users\Orekhov\.m2\repository\io\opentelemetry\opentelemetry-sdk\1.35.0\opentelemetry-sdk-1.35.0.jar;C:\Users\Orekhov\.m2\repository\io\opentelemetry\opentelemetry-sdk-metrics\1.35.0\opentelemetry-sdk-metrics-1.35.0.jar;C:\Users\Orekhov\.m2\repository\io\opentelemetry\opentelemetry-sdk-logs\1.35.0\opentelemetry-sdk-logs-1.35.0.jar;C:\Users\Orekhov\.m2\repository\org\seleniumhq\selenium\selenium-os\4.18.1\selenium-os-4.18.1.jar;C:\Users\Orekhov\.m2\repository\org\apache\commons\commons-exec\1.3\commons-exec-1.3.jar;C:\Users\Orekhov\.m2\repository\org\seleniumhq\selenium\selenium-safari-driver\4.18.1\selenium-safari-driver-4.18.1.jar;C:\Users\Orekhov\.m2\repository\org\seleniumhq\selenium\selenium-support\4.18.1\selenium-support-4.18.1.jar;C:\Users\Orekhov\.m2\repository\org\slf4j\slf4j-api\2.0.12\slf4j-api-2.0.12.jar;C:\Users\Orekhov\.m2\repository\com\codeborne\selenide-core\7.2.1\selenide-core-7.2.1.jar;C:\Users\Orekhov\.m2\repository\com\google\guava\guava\33.0.0-jre\guava-33.0.0-jre.jar;C:\Users\Orekhov\.m2\repository\com\google\guava\failureaccess\1.0.2\failureaccess-1.0.2.jar;C:\Users\Orekhov\.m2\repository\com\google\guava\listenablefuture\9999.0-empty-to-avoid-conflict-with-guava\listenablefuture-9999.0-empty-to-avoid-conflict-with-guava.jar;C:\Users\Orekhov\.m2\repository\com\google\code\findbugs\jsr305\3.0.2\jsr305-3.0.2.jar;C:\Users\Orekhov\.m2\repository\org\checkerframework\checker-qual\3.41.0\checker-qual-3.41.0.jar;C:\Users\Orekhov\.m2\repository\com\google\errorprone\error_prone_annotations\2.23.0\error_prone_annotations-2.23.0.jar;C:\Users\Orekhov\.m2\repository\com\google\j2objc\j2objc-annotations\2.8\j2objc-annotations-2.8.jar;C:\Users\Orekhov\.m2\repository\io\qameta\allure\allure-selenide\2.25.0\allure-selenide-2.25.0.jar;C:\Users\Orekhov\.m2\repository\io\qameta\allure\allure-java-commons\2.25.0\allure-java-commons-2.25.0.jar;C:\Users\Orekhov\.m2\repository\io\github\bonigarcia\webdrivermanager\5.8.0\webdrivermanager-5.8.0.jar;C:\Users\Orekhov\.m2\repository\com\google\code\gson\gson\2.10.1\gson-2.10.1.jar;C:\Users\Orekhov\.m2\repository\com\github\docker-java\docker-java\3.3.6\docker-java-3.3.6.jar;C:\Users\Orekhov\.m2\repository\com\github\docker-java\docker-java-core\3.3.6\docker-java-core-3.3.6.jar;C:\Users\Orekhov\.m2\repository\com\github\docker-java\docker-java-api\3.3.6\docker-java-api-3.3.6.jar;C:\Users\Orekhov\.m2\repository\org\bouncycastle\bcpkix-jdk18on\1.76\bcpkix-jdk18on-1.76.jar;C:\Users\Orekhov\.m2\repository\org\bouncycastle\bcprov-jdk18on\1.76\bcprov-jdk18on-1.76.jar;C:\Users\Orekhov\.m2\repository\org\bouncycastle\bcutil-jdk18on\1.76\bcutil-jdk18on-1.76.jar;C:\Users\Orekhov\.m2\repository\org\slf4j\jcl-over-slf4j\1.7.30\jcl-over-slf4j-1.7.30.jar;C:\Users\Orekhov\.m2\repository\com\github\docker-java\docker-java-transport-httpclient5\3.3.6\docker-java-transport-httpclient5-3.3.6.jar;C:\Users\Orekhov\.m2\repository\com\github\docker-java\docker-java-transport\3.3.6\docker-java-transport-3.3.6.jar;C:\Users\Orekhov\.m2\repository\net\java\dev\jna\jna\5.13.0\jna-5.13.0.jar;C:\Users\Orekhov\.m2\repository\org\brotli\dec\0.1.2\dec-0.1.2.jar;C:\Users\Orekhov\.m2\repository\org\apache\commons\commons-compress\1.26.1\commons-compress-1.26.1.jar;C:\Users\Orekhov\.m2\repository\org\apache\httpcomponents\client5\httpclient5\5.2.1\httpclient5-5.2.1.jar;C:\Users\Orekhov\.m2\repository\org\apache\httpcomponents\core5\httpcore5\5.2\httpcore5-5.2.jar;C:\Users\Orekhov\.m2\repository\org\apache\httpcomponents\core5\httpcore5-h2\5.2\httpcore5-h2-5.2.jar;"/>
    <property name="java.vm.vendor" value="Amazon.com Inc."/>
    <property name="sun.arch.data.model" value="64"/>
    <property name="user.variant" value=""/>
    <property name="java.vendor.url" value="https://aws.amazon.com/corretto/"/>
    <property name="user.timezone" value="Asia/Yekaterinburg"/>
    <property name="os.name" value="Windows 10"/>
    <property name="java.vm.specification.version" value="17"/>
    <property name="sun.java.launcher" value="SUN_STANDARD"/>
    <property name="user.country" value="RU"/>
    <property name="sun.boot.library.path" value="C:\Users\Orekhov\.jdks\corretto-17.0.11\bin"/>
    <property name="sun.java.command" value="C:\Users\Orekhov\AppData\Local\Temp\surefire1488974708723331110\surefirebooter-20250323172957563_3.jar C:\Users\Orekhov\AppData\Local\Temp\surefire1488974708723331110 2025-03-23T17-29-57_264-jvmRun1 surefire-20250323172957563_1tmp surefire_0-20250323172957563_2tmp"/>
    <property name="jdk.debug" value="release"/>
    <property name="surefire.test.class.path" value="C:\Users\Orekhov\IdeaProjects\HackMeBankTests\target\test-classes;C:\Users\Orekhov\IdeaProjects\HackMeBankTests\target\classes;C:\Users\Orekhov\.m2\repository\io\rest-assured\rest-assured\5.4.0\rest-assured-5.4.0.jar;C:\Users\Orekhov\.m2\repository\org\apache\groovy\groovy\4.0.16\groovy-4.0.16.jar;C:\Users\Orekhov\.m2\repository\org\apache\groovy\groovy-xml\4.0.16\groovy-xml-4.0.16.jar;C:\Users\Orekhov\.m2\repository\org\apache\httpcomponents\httpclient\4.5.13\httpclient-4.5.13.jar;C:\Users\Orekhov\.m2\repository\org\apache\httpcomponents\httpcore\4.4.13\httpcore-4.4.13.jar;C:\Users\Orekhov\.m2\repository\commons-logging\commons-logging\1.2\commons-logging-1.2.jar;C:\Users\Orekhov\.m2\repository\commons-codec\commons-codec\1.11\commons-codec-1.11.jar;C:\Users\Orekhov\.m2\repository\org\apache\httpcomponents\httpmime\4.5.13\httpmime-4.5.13.jar;C:\Users\Orekhov\.m2\repository\org\hamcrest\hamcrest\2.2\hamcrest-2.2.jar;C:\Users\Orekhov\.m2\repository\org\ccil\cowan\tagsoup\tagsoup\1.2.1\tagsoup-1.2.1.jar;C:\Users\Orekhov\.m2\repository\io\rest-assured\json-path\5.4.0\json-path-5.4.0.jar;C:\Users\Orekhov\.m2\repository\org\apache\groovy\groovy-json\4.0.16\groovy-json-4.0.16.jar;C:\Users\Orekhov\.m2\repository\io\rest-assured\rest-assured-common\5.4.0\rest-assured-common-5.4.0.jar;C:\Users\Orekhov\.m2\repository\io\rest-assured\xml-path\5.4.0\xml-path-5.4.0.jar;C:\Users\Orekhov\.m2\repository\io\qameta\allure\allure-rest-assured\2.25.0\allure-rest-assured-2.25.0.jar;C:\Users\Orekhov\.m2\repository\io\qameta\allure\allure-attachments\2.25.0\allure-attachments-2.25.0.jar;C:\Users\Orekhov\.m2\repository\org\freemarker\freemarker\2.3.31\freemarker-2.3.31.jar;C:\Users\Orekhov\.m2\repository\org\apache\commons\commons-lang3\3.12.0\commons-lang3-3.12.0.jar;C:\Users\Orekhov\.m2\repository\org\assertj\assertj-core\3.24.2\assertj-core-3.24.2.jar;C:\Users\Orekhov\.m2\repository\net\bytebuddy\byte-buddy\1.12.21\byte-buddy-1.12.21.jar;C:\Users\Orekhov\.m2\repository\org\projectlombok\lombok\1.18.30\lombok-1.18.30.jar;C:\Users\Orekhov\.m2\repository\io\qameta\allure\allure-commandline\2.25.0\allure-commandline-2.25.0.jar;C:\Users\Orekhov\.m2\repository\ch\qos\logback\logback-classic\1.3.11\logback-classic-1.3.11.jar;C:\Users\Orekhov\.m2\repository\ch\qos\logback\logback-core\1.3.11\logback-core-1.3.11.jar;C:\Users\Orekhov\.m2\repository\com\beust\jcommander\1.82\jcommander-1.82.jar;C:\Users\Orekhov\.m2\repository\com\fasterxml\jackson\dataformat\jackson-dataformat-yaml\2.16.0\jackson-dataformat-yaml-2.16.0.jar;C:\Users\Orekhov\.m2\repository\commons-io\commons-io\2.15.1\commons-io-2.15.1.jar;C:\Users\Orekhov\.m2\repository\org\eclipse\jetty\jetty-server\9.4.53.v20231009\jetty-server-9.4.53.v20231009.jar;C:\Users\Orekhov\.m2\repository\javax\servlet\javax.servlet-api\3.1.0\javax.servlet-api-3.1.0.jar;C:\Users\Orekhov\.m2\repository\org\eclipse\jetty\jetty-http\9.4.53.v20231009\jetty-http-9.4.53.v20231009.jar;C:\Users\Orekhov\.m2\repository\org\eclipse\jetty\jetty-util\9.4.53.v20231009\jetty-util-9.4.53.v20231009.jar;C:\Users\Orekhov\.m2\repository\org\eclipse\jetty\jetty-io\9.4.53.v20231009\jetty-io-9.4.53.v20231009.jar;C:\Users\Orekhov\.m2\repository\io\qameta\allure\allure-generator\2.25.0\allure-generator-2.25.0.jar;C:\Users\Orekhov\.m2\repository\io\qameta\allure\allure-plugin-api\2.25.0\allure-plugin-api-2.25.0.jar;C:\Users\Orekhov\.m2\repository\com\opencsv\opencsv\4.6\opencsv-4.6.jar;C:\Users\Orekhov\.m2\repository\org\apache\commons\commons-text\1.3\commons-text-1.3.jar;C:\Users\Orekhov\.m2\repository\commons-beanutils\commons-beanutils\1.9.3\commons-beanutils-1.9.3.jar;C:\Users\Orekhov\.m2\repository\commons-collections\commons-collections\3.2.2\commons-collections-3.2.2.jar;C:\Users\Orekhov\.m2\repository\org\apache\commons\commons-collections4\4.2\commons-collections4-4.2.jar;C:\Users\Orekhov\.m2\repository\com\vladsch\flexmark\flexmark\0.62.2\flexmark-0.62.2.jar;C:\Users\Orekhov\.m2\repository\com\vladsch\flexmark\flexmark-util-ast\0.62.2\flexmark-util-ast-0.62.2.jar;C:\Users\Orekhov\.m2\repository\org\jetbrains\annotations\15.0\annotations-15.0.jar;C:\Users\Orekhov\.m2\repository\com\vladsch\flexmark\flexmark-util-builder\0.62.2\flexmark-util-builder-0.62.2.jar;C:\Users\Orekhov\.m2\repository\com\vladsch\flexmark\flexmark-util-collection\0.62.2\flexmark-util-collection-0.62.2.jar;C:\Users\Orekhov\.m2\repository\com\vladsch\flexmark\flexmark-util-data\0.62.2\flexmark-util-data-0.62.2.jar;C:\Users\Orekhov\.m2\repository\com\vladsch\flexmark\flexmark-util-dependency\0.62.2\flexmark-util-dependency-0.62.2.jar;C:\Users\Orekhov\.m2\repository\com\vladsch\flexmark\flexmark-util-format\0.62.2\flexmark-util-format-0.62.2.jar;C:\Users\Orekhov\.m2\repository\com\vladsch\flexmark\flexmark-util-html\0.62.2\flexmark-util-html-0.62.2.jar;C:\Users\Orekhov\.m2\repository\com\vladsch\flexmark\flexmark-util-misc\0.62.2\flexmark-util-misc-0.62.2.jar;C:\Users\Orekhov\.m2\repository\com\vladsch\flexmark\flexmark-util-sequence\0.62.2\flexmark-util-sequence-0.62.2.jar;C:\Users\Orekhov\.m2\repository\com\vladsch\flexmark\flexmark-util-visitor\0.62.2\flexmark-util-visitor-0.62.2.jar;C:\Users\Orekhov\.m2\repository\com\vladsch\flexmark\flexmark-ext-tables\0.62.2\flexmark-ext-tables-0.62.2.jar;C:\Users\Orekhov\.m2\repository\com\vladsch\flexmark\flexmark-util\0.62.2\flexmark-util-0.62.2.jar;C:\Users\Orekhov\.m2\repository\com\vladsch\flexmark\flexmark-util-options\0.62.2\flexmark-util-options-0.62.2.jar;C:\Users\Orekhov\.m2\repository\com\fasterxml\jackson\dataformat\jackson-dataformat-xml\2.16.0\jackson-dataformat-xml-2.16.0.jar;C:\Users\Orekhov\.m2\repository\org\codehaus\woodstox\stax2-api\4.2.1\stax2-api-4.2.1.jar;C:\Users\Orekhov\.m2\repository\com\fasterxml\woodstox\woodstox-core\6.5.1\woodstox-core-6.5.1.jar;C:\Users\Orekhov\.m2\repository\com\fasterxml\jackson\module\jackson-module-jaxb-annotations\2.16.0\jackson-module-jaxb-annotations-2.16.0.jar;C:\Users\Orekhov\.m2\repository\jakarta\xml\bind\jakarta.xml.bind-api\2.3.3\jakarta.xml.bind-api-2.3.3.jar;C:\Users\Orekhov\.m2\repository\jakarta\activation\jakarta.activation-api\1.2.2\jakarta.activation-api-1.2.2.jar;C:\Users\Orekhov\.m2\repository\io\qameta\allure\allure-model\2.25.0\allure-model-2.25.0.jar;C:\Users\Orekhov\.m2\repository\javax\xml\bind\jaxb-api\2.3.1\jaxb-api-2.3.1.jar;C:\Users\Orekhov\.m2\repository\javax\activation\javax.activation-api\1.2.0\javax.activation-api-1.2.0.jar;C:\Users\Orekhov\.m2\repository\org\allurefw\allure1-model\1.0\allure1-model-1.0.jar;C:\Users\Orekhov\.m2\repository\ru\qatools\commons\properties\2.0.RC5\properties-2.0.RC5.jar;C:\Users\Orekhov\.m2\repository\com\github\baev\jaxb-utils\1.0\jaxb-utils-1.0.jar;C:\Users\Orekhov\.m2\repository\org\apache\tika\tika-core\2.9.1\tika-core-2.9.1.jar;C:\Users\Orekhov\.m2\repository\org\junit\jupiter\junit-jupiter\5.10.2\junit-jupiter-5.10.2.jar;C:\Users\Orekhov\.m2\repository\org\junit\jupiter\junit-jupiter-api\5.10.2\junit-jupiter-api-5.10.2.jar;C:\Users\Orekhov\.m2\repository\org\opentest4j\opentest4j\1.3.0\opentest4j-1.3.0.jar;C:\Users\Orekhov\.m2\repository\org\junit\platform\junit-platform-commons\1.10.2\junit-platform-commons-1.10.2.jar;C:\Users\Orekhov\.m2\repository\org\apiguardian\apiguardian-api\1.1.2\apiguardian-api-1.1.2.jar;C:\Users\Orekhov\.m2\repository\org\junit\jupiter\junit-jupiter-params\5.10.2\junit-jupiter-params-5.10.2.jar;C:\Users\Orekhov\.m2\repository\org\junit\jupiter\junit-jupiter-engine\5.10.2\junit-jupiter-engine-5.10.2.jar;C:\Users\Orekhov\.m2\repository\org\junit\platform\junit-platform-engine\1.10.2\junit-platform-engine-1.10.2.jar;C:\Users\Orekhov\.m2\repository\io\qameta\allure\allure-junit5\2.25.0\allure-junit5-2.25.0.jar;C:\Users\Orekhov\.m2\repository\io\qameta\allure\allure-junit-platform\2.25.0\allure-junit-platform-2.25.0.jar;C:\Users\Orekhov\.m2\repository\io\qameta\allure\allure-test-filter\2.25.0\allure-test-filter-2.25.0.jar;C:\Users\Orekhov\.m2\repository\org\junit\platform\junit-platform-launcher\1.9.2\junit-platform-launcher-1.9.2.jar;C:\Users\Orekhov\.m2\repository\org\aspectj\aspectjweaver\1.9.21\aspectjweaver-1.9.21.jar;C:\Users\Orekhov\.m2\repository\net\datafaker\datafaker\2.0.2\datafaker-2.0.2.jar;C:\Users\Orekhov\.m2\repository\org\yaml\snakeyaml\2.2\snakeyaml-2.2.jar;C:\Users\Orekhov\.m2\repository\com\github\mifmif\generex\1.0.2\generex-1.0.2.jar;C:\Users\Orekhov\.m2\repository\dk\brics\automaton\automaton\1.11-8\automaton-1.11-8.jar;C:\Users\Orekhov\.m2\repository\com\fasterxml\jackson\core\jackson-databind\2.15.3\jackson-databind-2.15.3.jar;C:\Users\Orekhov\.m2\repository\com\fasterxml\jackson\core\jackson-annotations\2.15.3\jackson-annotations-2.15.3.jar;C:\Users\Orekhov\.m2\repository\com\fasterxml\jackson\core\jackson-core\2.15.3\jackson-core-2.15.3.jar;C:\Users\Orekhov\.m2\repository\com\codeborne\selenide\7.2.1\selenide-7.2.1.jar;C:\Users\Orekhov\.m2\repository\org\seleniumhq\selenium\selenium-java\4.18.1\selenium-java-4.18.1.jar;C:\Users\Orekhov\.m2\repository\org\seleniumhq\selenium\selenium-api\4.18.1\selenium-api-4.18.1.jar;C:\Users\Orekhov\.m2\repository\org\seleniumhq\selenium\selenium-chrome-driver\4.18.1\selenium-chrome-driver-4.18.1.jar;C:\Users\Orekhov\.m2\repository\com\google\auto\service\auto-service-annotations\1.1.1\auto-service-annotations-1.1.1.jar;C:\Users\Orekhov\.m2\repository\org\seleniumhq\selenium\selenium-chromium-driver\4.18.1\selenium-chromium-driver-4.18.1.jar;C:\Users\Orekhov\.m2\repository\org\seleniumhq\selenium\selenium-json\4.18.1\selenium-json-4.18.1.jar;C:\Users\Orekhov\.m2\repository\org\seleniumhq\selenium\selenium-manager\4.18.1\selenium-manager-4.18.1.jar;C:\Users\Orekhov\.m2\repository\org\seleniumhq\selenium\selenium-devtools-v120\4.18.1\selenium-devtools-v120-4.18.1.jar;C:\Users\Orekhov\.m2\repository\org\seleniumhq\selenium\selenium-devtools-v121\4.18.1\selenium-devtools-v121-4.18.1.jar;C:\Users\Orekhov\.m2\repository\org\seleniumhq\selenium\selenium-devtools-v122\4.18.1\selenium-devtools-v122-4.18.1.jar;C:\Users\Orekhov\.m2\repository\org\seleniumhq\selenium\selenium-devtools-v85\4.18.1\selenium-devtools-v85-4.18.1.jar;C:\Users\Orekhov\.m2\repository\org\seleniumhq\selenium\selenium-edge-driver\4.18.1\selenium-edge-driver-4.18.1.jar;C:\Users\Orekhov\.m2\repository\org\seleniumhq\selenium\selenium-firefox-driver\4.18.1\selenium-firefox-driver-4.18.1.jar;C:\Users\Orekhov\.m2\repository\org\seleniumhq\selenium\selenium-http\4.18.1\selenium-http-4.18.1.jar;C:\Users\Orekhov\.m2\repository\dev\failsafe\failsafe\3.3.2\failsafe-3.3.2.jar;C:\Users\Orekhov\.m2\repository\org\seleniumhq\selenium\selenium-ie-driver\4.18.1\selenium-ie-driver-4.18.1.jar;C:\Users\Orekhov\.m2\repository\org\seleniumhq\selenium\selenium-remote-driver\4.18.1\selenium-remote-driver-4.18.1.jar;C:\Users\Orekhov\.m2\repository\io\opentelemetry\semconv\opentelemetry-semconv\1.23.1-alpha\opentelemetry-semconv-1.23.1-alpha.jar;C:\Users\Orekhov\.m2\repository\io\opentelemetry\opentelemetry-api\1.35.0\opentelemetry-api-1.35.0.jar;C:\Users\Orekhov\.m2\repository\io\opentelemetry\opentelemetry-context\1.35.0\opentelemetry-context-1.35.0.jar;C:\Users\Orekhov\.m2\repository\io\opentelemetry\opentelemetry-exporter-logging\1.35.0\opentelemetry-exporter-logging-1.35.0.jar;C:\Users\Orekhov\.m2\repository\io\opentelemetry\opentelemetry-sdk-common\1.35.0\opentelemetry-sdk-common-1.35.0.jar;C:\Users\Orekhov\.m2\repository\io\opentelemetry\opentelemetry-sdk-extension-autoconfigure-spi\1.35.0\opentelemetry-sdk-extension-autoconfigure-spi-1.35.0.jar;C:\Users\Orekhov\.m2\repository\io\opentelemetry\opentelemetry-sdk-extension-autoconfigure\1.35.0\opentelemetry-sdk-extension-autoconfigure-1.35.0.jar;C:\Users\Orekhov\.m2\repository\io\opentelemetry\opentelemetry-api-events\1.35.0-alpha\opentelemetry-api-events-1.35.0-alpha.jar;C:\Users\Orekhov\.m2\repository\io\opentelemetry\opentelemetry-sdk-trace\1.35.0\opentelemetry-sdk-trace-1.35.0.jar;C:\Users\Orekhov\.m2\repository\io\opentelemetry\opentelemetry-extension-incubator\1.35.0-alpha\opentelemetry-extension-incubator-1.35.0-alpha.jar;C:\Users\Orekhov\.m2\repository\io\opentelemetry\opentelemetry-sdk\1.35.0\opentelemetry-sdk-1.35.0.jar;C:\Users\Orekhov\.m2\repository\io\opentelemetry\opentelemetry-sdk-metrics\1.35.0\opentelemetry-sdk-metrics-1.35.0.jar;C:\Users\Orekhov\.m2\repository\io\opentelemetry\opentelemetry-sdk-logs\1.35.0\opentelemetry-sdk-logs-1.35.0.jar;C:\Users\Orekhov\.m2\repository\org\seleniumhq\selenium\selenium-os\4.18.1\selenium-os-4.18.1.jar;C:\Users\Orekhov\.m2\repository\org\apache\commons\commons-exec\1.3\commons-exec-1.3.jar;C:\Users\Orekhov\.m2\repository\org\seleniumhq\selenium\selenium-safari-driver\4.18.1\selenium-safari-driver-4.18.1.jar;C:\Users\Orekhov\.m2\repository\org\seleniumhq\selenium\selenium-support\4.18.1\selenium-support-4.18.1.jar;C:\Users\Orekhov\.m2\repository\org\slf4j\slf4j-api\2.0.12\slf4j-api-2.0.12.jar;C:\Users\Orekhov\.m2\repository\com\codeborne\selenide-core\7.2.1\selenide-core-7.2.1.jar;C:\Users\Orekhov\.m2\repository\com\google\guava\guava\33.0.0-jre\guava-33.0.0-jre.jar;C:\Users\Orekhov\.m2\repository\com\google\guava\failureaccess\1.0.2\failureaccess-1.0.2.jar;C:\Users\Orekhov\.m2\repository\com\google\guava\listenablefuture\9999.0-empty-to-avoid-conflict-with-guava\listenablefuture-9999.0-empty-to-avoid-conflict-with-guava.jar;C:\Users\Orekhov\.m2\repository\com\google\code\findbugs\jsr305\3.0.2\jsr305-3.0.2.jar;C:\Users\Orekhov\.m2\repository\org\checkerframework\checker-qual\3.41.0\checker-qual-3.41.0.jar;C:\Users\Orekhov\.m2\repository\com\google\errorprone\error_prone_annotations\2.23.0\error_prone_annotations-2.23.0.jar;C:\Users\Orekhov\.m2\repository\com\google\j2objc\j2objc-annotations\2.8\j2objc-annotations-2.8.jar;C:\Users\Orekhov\.m2\repository\io\qameta\allure\allure-selenide\2.25.0\allure-selenide-2.25.0.jar;C:\Users\Orekhov\.m2\repository\io\qameta\allure\allure-java-commons\2.25.0\allure-java-commons-2.25.0.jar;C:\Users\Orekhov\.m2\repository\io\github\bonigarcia\webdrivermanager\5.8.0\webdrivermanager-5.8.0.jar;C:\Users\Orekhov\.m2\repository\com\google\code\gson\gson\2.10.1\gson-2.10.1.jar;C:\Users\Orekhov\.m2\repository\com\github\docker-java\docker-java\3.3.6\docker-java-3.3.6.jar;C:\Users\Orekhov\.m2\repository\com\github\docker-java\docker-java-core\3.3.6\docker-java-core-3.3.6.jar;C:\Users\Orekhov\.m2\repository\com\github\docker-java\docker-java-api\3.3.6\docker-java-api-3.3.6.jar;C:\Users\Orekhov\.m2\repository\org\bouncycastle\bcpkix-jdk18on\1.76\bcpkix-jdk18on-1.76.jar;C:\Users\Orekhov\.m2\repository\org\bouncycastle\bcprov-jdk18on\1.76\bcprov-jdk18on-1.76.jar;C:\Users\Orekhov\.m2\repository\org\bouncycastle\bcutil-jdk18on\1.76\bcutil-jdk18on-1.76.jar;C:\Users\Orekhov\.m2\repository\org\slf4j\jcl-over-slf4j\1.7.30\jcl-over-slf4j-1.7.30.jar;C:\Users\Orekhov\.m2\repository\com\github\docker-java\docker-java-transport-httpclient5\3.3.6\docker-java-transport-httpclient5-3.3.6.jar;C:\Users\Orekhov\.m2\repository\com\github\docker-java\docker-java-transport\3.3.6\docker-java-transport-3.3.6.jar;C:\Users\Orekhov\.m2\repository\net\java\dev\jna\jna\5.13.0\jna-5.13.0.jar;C:\Users\Orekhov\.m2\repository\org\brotli\dec\0.1.2\dec-0.1.2.jar;C:\Users\Orekhov\.m2\repository\org\apache\commons\commons-compress\1.26.1\commons-compress-1.26.1.jar;C:\Users\Orekhov\.m2\repository\org\apache\httpcomponents\client5\httpclient5\5.2.1\httpclient5-5.2.1.jar;C:\Users\Orekhov\.m2\repository\org\apache\httpcomponents\core5\httpcore5\5.2\httpcore5-5.2.jar;C:\Users\Orekhov\.m2\repository\org\apache\httpcomponents\core5\httpcore5-h2\5.2\httpcore5-h2-5.2.jar;"/>
    <property name="allure.results.directory" value="C:\Users\Orekhov\IdeaProjects\HackMeBankTests\target/allure-results"/>
    <property name="sun.cpu.endian" value="little"/>
    <property name="user.home" value="C:\Users\Orekhov"/>
    <property name="user.language" value="ru"/>
    <property name="java.specification.vendor" value="Oracle Corporation"/>
    <property name="java.version.date" value="2024-04-16"/>
    <property name="java.home" value="C:\Users\Orekhov\.jdks\corretto-17.0.11"/>
    <property name="file.separator" value="\"/>
    <property name="basedir" value="C:\Users\Orekhov\IdeaProjects\HackMeBankTests"/>
    <property name="java.vm.compressedOopsMode" value="Zero based"/>
    <property name="line.separator" value="&#10;"/>
    <property name="java.vm.specification.vendor" value="Oracle Corporation"/>
    <property name="java.specification.name" value="Java Platform API Specification"/>
    <property name="surefire.real.class.path" value="C:\Users\Orekhov\AppData\Local\Temp\surefire1488974708723331110\surefirebooter-20250323172957563_3.jar"/>
    <property name="user.script" value=""/>
    <property name="sun.management.compiler" value="HotSpot 64-Bit Tiered Compilers"/>
    <property name="java.runtime.version" value="17.0.11+9-LTS"/>
    <property name="user.name" value="Orekhov"/>
    <property name="path.separator" value=";"/>
    <property name="os.version" value="10.0"/>
    <property name="java.runtime.name" value="OpenJDK Runtime Environment"/>
    <property name="file.encoding" value="Cp1251"/>
    <property name="java.vm.name" value="OpenJDK 64-Bit Server VM"/>
    <property name="java.vendor.version" value="Corretto-17.0.11.9.1"/>
    <property name="localRepository" value="C:\Users\Orekhov\.m2\repository"/>
    <property name="java.vendor.url.bug" value="https://github.com/corretto/corretto-17/issues/"/>
    <property name="java.io.tmpdir" value="C:\Users\Orekhov\AppData\Local\Temp\"/>
    <property name="java.version" value="17.0.11"/>
    <property name="user.dir" value="C:\Users\Orekhov\IdeaProjects\HackMeBankTests"/>
    <property name="os.arch" value="amd64"/>
    <property name="java.vm.specification.name" value="Java Virtual Machine Specification"/>
    <property name="sun.os.patch.level" value=""/>
    <property name="native.encoding" value="Cp1251"/>
    <property name="java.library.path" value="C:\Users\Orekhov\.jdks\corretto-17.0.11\bin;C:\Windows\Sun\Java\bin;C:\Windows\system32;C:\Windows;C:\Program Files (x86)\Common Files\Intel\Shared Libraries\redist\intel64_win\compiler;C:\Program Files (x86)\Common Files\Intel\Shared Libraries\redist\intel64\compiler;C:\Windows\system32;C:\Windows;C:\Windows\System32\Wbem;C:\Windows\System32\WindowsPowerShell\v1.0\;C:\Windows\System32\OpenSSH\;C:\Users\Orekhov\apache-maven-3.9.6\bin;C:\Users\webdriver\firefoxgekodriver;C:\Users\webdriver\chromedriver-win64;C:\Users\allure-2.25.0\bin;C:\Users\Orekhov\Diplom-3\src\main\resources;C:\Gradle\gradle-8.7\bin;C:\Users\Orekhov\.jdks\corretto-17.0.11\bin;C:\Program Files\Git\cmd;C:\Program Files\Docker\Docker\resources\bin;C:\Program Files\nodejs\;C:\Users\Orekhov\AppData\Local\Microsoft\WindowsApps;C:\Program Files\JetBrains\IntelliJ IDEA Community Edition 2023.1.3\bin;;D:\DataGrip 2022.1.5\bin;;C:\Program Files\JetBrains\IntelliJ IDEA 2024.2.2\bin;;D:\Microsoft VS Code\bin;;C:\Program Files\JetBrains\Aqua 2024.2\bin;;C:\Users\Orekhov\AppData\Roaming\npm;."/>
    <property name="java.vm.info" value="mixed mode, sharing"/>
    <property name="java.vendor" value="Amazon.com Inc."/>
    <property name="java.vm.version" value="17.0.11+9-LTS"/>
    <property name="sun.io.unicode.encoding" value="UnicodeLittle"/>
    <property name="java.class.version" value="61.0"/>
  </properties>
  <testcase name="fillingOutTheFormWithAnInvalidEmailTestApi" classname="api.ForFillingOutTheApiFormTests" time="3.68">
    <system-out><![CDATA[Request method:	POST
Request URI:	https://tl.af-ctf.ru/calluserforsignup
Proxy:			<none>
Request params:	<none>
Query params:	<none>
Form params:	<none>
Path params:	<none>
Headers:		Accept=*/*
				Content-Type=application/json
Cookies:		<none>
Multiparts:		<none>
Body:
{
    "userName": "Смирнова Константин Юрьевич",
    "login": "@gmail.com",
    "phoneNumber": "89000100119",
    "password": "12345678",
    "passwordValidation": "12345678"
}
17:30:02.304 [main] DEBUG org.apache.http.impl.conn.BasicClientConnectionManager -- Get connection for route {s}->https://tl.af-ctf.ru:443
17:30:02.377 [main] DEBUG org.apache.http.impl.conn.DefaultClientConnectionOperator -- Connecting to tl.af-ctf.ru:443
17:30:02.691 [main] DEBUG org.apache.http.client.protocol.RequestAddCookies -- CookieSpec selected: ignoreCookies
17:30:02.694 [main] DEBUG org.apache.http.client.protocol.RequestAuthCache -- Auth cache not set in the context
17:30:02.695 [main] DEBUG org.apache.http.client.protocol.RequestTargetAuthentication -- Target auth state: UNCHALLENGED
17:30:02.696 [main] DEBUG org.apache.http.client.protocol.RequestProxyAuthentication -- Proxy auth state: UNCHALLENGED
17:30:02.696 [main] DEBUG org.apache.http.impl.client.DefaultHttpClient -- Attempt 1 to execute request
17:30:02.697 [main] DEBUG org.apache.http.impl.conn.DefaultClientConnection -- Sending request: POST /calluserforsignup HTTP/1.1
17:30:02.697 [main] DEBUG org.apache.http.wire --  >> "POST /calluserforsignup HTTP/1.1[\r][\n]"
17:30:02.698 [main] DEBUG org.apache.http.wire --  >> "Accept: */*[\r][\n]"
17:30:02.698 [main] DEBUG org.apache.http.wire --  >> "Content-Type: application/json[\r][\n]"
17:30:02.698 [main] DEBUG org.apache.http.wire --  >> "Content-Length: 170[\r][\n]"
17:30:02.698 [main] DEBUG org.apache.http.wire --  >> "Host: tl.af-ctf.ru[\r][\n]"
17:30:02.698 [main] DEBUG org.apache.http.wire --  >> "Connection: Keep-Alive[\r][\n]"
17:30:02.699 [main] DEBUG org.apache.http.wire --  >> "User-Agent: Apache-HttpClient/4.5.13 (Java/17.0.11)[\r][\n]"
17:30:02.699 [main] DEBUG org.apache.http.wire --  >> "Accept-Encoding: gzip,deflate[\r][\n]"
17:30:02.699 [main] DEBUG org.apache.http.wire --  >> "[\r][\n]"
17:30:02.699 [main] DEBUG org.apache.http.headers -- >> POST /calluserforsignup HTTP/1.1
17:30:02.699 [main] DEBUG org.apache.http.headers -- >> Accept: */*
17:30:02.699 [main] DEBUG org.apache.http.headers -- >> Content-Type: application/json
17:30:02.699 [main] DEBUG org.apache.http.headers -- >> Content-Length: 170
17:30:02.699 [main] DEBUG org.apache.http.headers -- >> Host: tl.af-ctf.ru
17:30:02.699 [main] DEBUG org.apache.http.headers -- >> Connection: Keep-Alive
17:30:02.699 [main] DEBUG org.apache.http.headers -- >> User-Agent: Apache-HttpClient/4.5.13 (Java/17.0.11)
17:30:02.699 [main] DEBUG org.apache.http.headers -- >> Accept-Encoding: gzip,deflate
17:30:02.700 [main] DEBUG org.apache.http.wire --  >> "{"userName":"[0xd0][0xa1][0xd0][0xbc][0xd0][0xb8][0xd1][0x80][0xd0][0xbd][0xd0][0xbe][0xd0][0xb2][0xd0][0xb0] [0xd0][0x9a][0xd0][0xbe][0xd0][0xbd][0xd1][0x81][0xd1][0x82][0xd0][0xb0][0xd0][0xbd][0xd1][0x82][0xd0][0xb8][0xd0][0xbd] [0xd0][0xae][0xd1][0x80][0xd1][0x8c][0xd0][0xb5][0xd0][0xb2][0xd0][0xb8][0xd1][0x87]","login":"@gmail.com","phoneNumber":"89000100119","password":"12345678","passwordValidation":"12345678"}"
17:30:02.744 [main] DEBUG org.apache.http.wire --  << "HTTP/1.1 200 OK[\r][\n]"
17:30:02.747 [main] DEBUG org.apache.http.wire --  << "Date: Sun, 23 Mar 2025 12:30:00 GMT[\r][\n]"
17:30:02.747 [main] DEBUG org.apache.http.wire --  << "Content-Type: application/json; charset=utf-8[\r][\n]"
17:30:02.747 [main] DEBUG org.apache.http.wire --  << "Content-Length: 133[\r][\n]"
17:30:02.747 [main] DEBUG org.apache.http.wire --  << "Connection: keep-alive[\r][\n]"
17:30:02.747 [main] DEBUG org.apache.http.wire --  << "X-Powered-By: Express[\r][\n]"
17:30:02.747 [main] DEBUG org.apache.http.wire --  << "ETag: W/"85-M7TQhLmZkhU8LP1MRcXMTJw8F14"[\r][\n]"
17:30:02.747 [main] DEBUG org.apache.http.wire --  << "Set-Cookie: ctf_bank_session=s%3AhKROlK-OfqeRypxVg6yI_FA7mQcODqNG.N5yoi5rlPbx5ycc7Gyq9kEA4MHNj4OVpvku6qZIUX%2F4; Path=/; HttpOnly[\r][\n]"
17:30:02.747 [main] DEBUG org.apache.http.wire --  << "Strict-Transport-Security: max-age=15724800; includeSubDomains[\r][\n]"
17:30:02.748 [main] DEBUG org.apache.http.wire --  << "[\r][\n]"
17:30:02.749 [main] DEBUG org.apache.http.impl.conn.DefaultClientConnection -- Receiving response: HTTP/1.1 200 OK
17:30:02.749 [main] DEBUG org.apache.http.headers -- << HTTP/1.1 200 OK
17:30:02.749 [main] DEBUG org.apache.http.headers -- << Date: Sun, 23 Mar 2025 12:30:00 GMT
17:30:02.749 [main] DEBUG org.apache.http.headers -- << Content-Type: application/json; charset=utf-8
17:30:02.750 [main] DEBUG org.apache.http.headers -- << Content-Length: 133
17:30:02.750 [main] DEBUG org.apache.http.headers -- << Connection: keep-alive
17:30:02.750 [main] DEBUG org.apache.http.headers -- << X-Powered-By: Express
17:30:02.750 [main] DEBUG org.apache.http.headers -- << ETag: W/"85-M7TQhLmZkhU8LP1MRcXMTJw8F14"
17:30:02.750 [main] DEBUG org.apache.http.headers -- << Set-Cookie: ctf_bank_session=s%3AhKROlK-OfqeRypxVg6yI_FA7mQcODqNG.N5yoi5rlPbx5ycc7Gyq9kEA4MHNj4OVpvku6qZIUX%2F4; Path=/; HttpOnly
17:30:02.750 [main] DEBUG org.apache.http.headers -- << Strict-Transport-Security: max-age=15724800; includeSubDomains
17:30:02.755 [main] DEBUG org.apache.http.impl.client.DefaultHttpClient -- Connection can be kept alive indefinitely
17:30:02.765 [main] DEBUG io.restassured.internal.RestAssuredHttpBuilder -- Parsing response as: application/json; charset=utf-8
17:30:02.766 [main] DEBUG io.restassured.internal.RestAssuredHttpBuilder -- Parsed data to instance of: class org.apache.http.conn.EofSensorInputStream
17:30:02.828 [main] DEBUG org.apache.http.wire --  << "{"type":false,"message":"\"login\" must be a valid email","login":{"message":"\"login\" must be a valid email","value":"@gmail.com"}"
17:30:02.830 [main] DEBUG org.apache.http.wire --  << "}"
17:30:02.831 [main] DEBUG org.apache.http.impl.conn.BasicClientConnectionManager -- Releasing connection org.apache.http.impl.conn.ManagedClientConnectionImpl@11ee671f
17:30:02.831 [main] DEBUG org.apache.http.impl.conn.BasicClientConnectionManager -- Connection can be kept alive indefinitely
HTTP/1.1 200 OK
Date: Sun, 23 Mar 2025 12:30:00 GMT
Content-Type: application/json; charset=utf-8
Content-Length: 133
Connection: keep-alive
X-Powered-By: Express
ETag: W/"85-M7TQhLmZkhU8LP1MRcXMTJw8F14"
Set-Cookie: ctf_bank_session=s%3AhKROlK-OfqeRypxVg6yI_FA7mQcODqNG.N5yoi5rlPbx5ycc7Gyq9kEA4MHNj4OVpvku6qZIUX%2F4; Path=/; HttpOnly
Strict-Transport-Security: max-age=15724800; includeSubDomains

{
    "type": false,
    "message": "\"login\" must be a valid email",
    "login": {
        "message": "\"login\" must be a valid email",
        "value": "@gmail.com"
    }
}
]]></system-out>
  </testcase>
  <testcase name="fillingOutTheFormWithValidDataTestApi" classname="api.ForFillingOutTheApiFormTests" time="0.311">
    <system-out><![CDATA[Request method:	POST
Request URI:	https://tl.af-ctf.ru/calluserforsignup
Proxy:			<none>
Request params:	<none>
Query params:	<none>
Form params:	<none>
Path params:	<none>
Headers:		Accept=*/*
				Content-Type=application/json
Cookies:		<none>
Multiparts:		<none>
Body:
{
    "userName": "Смирнова Константин Юрьевич",
    "login": "sabina.glover@hotmail.com",
    "phoneNumber": "89000100119",
    "password": "12345678",
    "passwordValidation": "12345678"
}
17:30:03.957 [main] DEBUG org.apache.http.impl.conn.BasicClientConnectionManager -- Get connection for route {s}->https://tl.af-ctf.ru:443
17:30:03.958 [main] DEBUG org.apache.http.impl.conn.DefaultClientConnectionOperator -- Connecting to tl.af-ctf.ru:443
17:30:04.050 [main] DEBUG org.apache.http.client.protocol.RequestAddCookies -- CookieSpec selected: ignoreCookies
17:30:04.051 [main] DEBUG org.apache.http.client.protocol.RequestAuthCache -- Auth cache not set in the context
17:30:04.051 [main] DEBUG org.apache.http.client.protocol.RequestTargetAuthentication -- Target auth state: UNCHALLENGED
17:30:04.051 [main] DEBUG org.apache.http.client.protocol.RequestProxyAuthentication -- Proxy auth state: UNCHALLENGED
17:30:04.051 [main] DEBUG org.apache.http.impl.client.DefaultHttpClient -- Attempt 1 to execute request
17:30:04.051 [main] DEBUG org.apache.http.impl.conn.DefaultClientConnection -- Sending request: POST /calluserforsignup HTTP/1.1
17:30:04.051 [main] DEBUG org.apache.http.wire --  >> "POST /calluserforsignup HTTP/1.1[\r][\n]"
17:30:04.051 [main] DEBUG org.apache.http.wire --  >> "Accept: */*[\r][\n]"
17:30:04.051 [main] DEBUG org.apache.http.wire --  >> "Content-Type: application/json[\r][\n]"
17:30:04.052 [main] DEBUG org.apache.http.wire --  >> "Content-Length: 185[\r][\n]"
17:30:04.052 [main] DEBUG org.apache.http.wire --  >> "Host: tl.af-ctf.ru[\r][\n]"
17:30:04.052 [main] DEBUG org.apache.http.wire --  >> "Connection: Keep-Alive[\r][\n]"
17:30:04.052 [main] DEBUG org.apache.http.wire --  >> "User-Agent: Apache-HttpClient/4.5.13 (Java/17.0.11)[\r][\n]"
17:30:04.052 [main] DEBUG org.apache.http.wire --  >> "Accept-Encoding: gzip,deflate[\r][\n]"
17:30:04.052 [main] DEBUG org.apache.http.wire --  >> "[\r][\n]"
17:30:04.052 [main] DEBUG org.apache.http.headers -- >> POST /calluserforsignup HTTP/1.1
17:30:04.052 [main] DEBUG org.apache.http.headers -- >> Accept: */*
17:30:04.052 [main] DEBUG org.apache.http.headers -- >> Content-Type: application/json
17:30:04.052 [main] DEBUG org.apache.http.headers -- >> Content-Length: 185
17:30:04.052 [main] DEBUG org.apache.http.headers -- >> Host: tl.af-ctf.ru
17:30:04.052 [main] DEBUG org.apache.http.headers -- >> Connection: Keep-Alive
17:30:04.052 [main] DEBUG org.apache.http.headers -- >> User-Agent: Apache-HttpClient/4.5.13 (Java/17.0.11)
17:30:04.052 [main] DEBUG org.apache.http.headers -- >> Accept-Encoding: gzip,deflate
17:30:04.053 [main] DEBUG org.apache.http.wire --  >> "{"userName":"[0xd0][0xa1][0xd0][0xbc][0xd0][0xb8][0xd1][0x80][0xd0][0xbd][0xd0][0xbe][0xd0][0xb2][0xd0][0xb0] [0xd0][0x9a][0xd0][0xbe][0xd0][0xbd][0xd1][0x81][0xd1][0x82][0xd0][0xb0][0xd0][0xbd][0xd1][0x82][0xd0][0xb8][0xd0][0xbd] [0xd0][0xae][0xd1][0x80][0xd1][0x8c][0xd0][0xb5][0xd0][0xb2][0xd0][0xb8][0xd1][0x87]","login":"sabina.glover@hotmail.com","phoneNumber":"89000100119","password":"12345678","passwordValidation":"12345678"}"
17:30:04.187 [main] DEBUG org.apache.http.wire --  << "HTTP/1.1 200 OK[\r][\n]"
17:30:04.187 [main] DEBUG org.apache.http.wire --  << "Date: Sun, 23 Mar 2025 12:30:02 GMT[\r][\n]"
17:30:04.188 [main] DEBUG org.apache.http.wire --  << "Content-Type: application/json; charset=utf-8[\r][\n]"
17:30:04.188 [main] DEBUG org.apache.http.wire --  << "Content-Length: 179[\r][\n]"
17:30:04.188 [main] DEBUG org.apache.http.wire --  << "Connection: keep-alive[\r][\n]"
17:30:04.188 [main] DEBUG org.apache.http.wire --  << "X-Powered-By: Express[\r][\n]"
17:30:04.188 [main] DEBUG org.apache.http.wire --  << "ETag: W/"b3-X2Xmmn7E9r6oWdA7SebJD/7xpWY"[\r][\n]"
17:30:04.188 [main] DEBUG org.apache.http.wire --  << "Set-Cookie: ctf_bank_session=s%3A1waNrYXvAvlarduuC609w_tzuLncQ7P9.Xo%2Bbf0XOIcKIhabO5HLWW1XgJHd9ZKjnbYJydPlNuUI; Path=/; HttpOnly[\r][\n]"
17:30:04.188 [main] DEBUG org.apache.http.wire --  << "Strict-Transport-Security: max-age=15724800; includeSubDomains[\r][\n]"
17:30:04.188 [main] DEBUG org.apache.http.wire --  << "[\r][\n]"
17:30:04.189 [main] DEBUG org.apache.http.impl.conn.DefaultClientConnection -- Receiving response: HTTP/1.1 200 OK
17:30:04.189 [main] DEBUG org.apache.http.headers -- << HTTP/1.1 200 OK
17:30:04.189 [main] DEBUG org.apache.http.headers -- << Date: Sun, 23 Mar 2025 12:30:02 GMT
17:30:04.189 [main] DEBUG org.apache.http.headers -- << Content-Type: application/json; charset=utf-8
17:30:04.189 [main] DEBUG org.apache.http.headers -- << Content-Length: 179
17:30:04.189 [main] DEBUG org.apache.http.headers -- << Connection: keep-alive
17:30:04.189 [main] DEBUG org.apache.http.headers -- << X-Powered-By: Express
17:30:04.189 [main] DEBUG org.apache.http.headers -- << ETag: W/"b3-X2Xmmn7E9r6oWdA7SebJD/7xpWY"
17:30:04.189 [main] DEBUG org.apache.http.headers -- << Set-Cookie: ctf_bank_session=s%3A1waNrYXvAvlarduuC609w_tzuLncQ7P9.Xo%2Bbf0XOIcKIhabO5HLWW1XgJHd9ZKjnbYJydPlNuUI; Path=/; HttpOnly
17:30:04.189 [main] DEBUG org.apache.http.headers -- << Strict-Transport-Security: max-age=15724800; includeSubDomains
17:30:04.189 [main] DEBUG org.apache.http.impl.client.DefaultHttpClient -- Connection can be kept alive indefinitely
17:30:04.190 [main] DEBUG io.restassured.internal.RestAssuredHttpBuilder -- Parsing response as: application/json; charset=utf-8
17:30:04.190 [main] DEBUG io.restassured.internal.RestAssuredHttpBuilder -- Parsed data to instance of: class org.apache.http.conn.EofSensorInputStream
17:30:04.192 [main] DEBUG org.apache.http.wire --  << "{"type":true,"text":"[0xd0][0xa1][0xd0][0xb5][0xd0][0xb9][0xd1][0x87][0xd0][0xb0][0xd1][0x81] [0xd0][0xbd][0xd0][0xb0] [0xd0][0xb2][0xd0][0xb0][0xd1][0x88] [0xd1][0x82][0xd0][0xb5][0xd0][0xbb][0xd0][0xb5][0xd1][0x84][0xd0][0xbe][0xd0][0xbd] [0xd0][0xbf][0xd0][0xbe][0xd1][0x81][0xd1][0x82][0xd1][0x83][0xd0][0xbf][0xd0][0xb8][0xd1][0x82] [0xd0][0xb7][0xd0][0xb2][0xd0][0xbe][0xd0][0xbd][0xd0][0xbe][0xd0][0xba] [0xd0][0xb8][0xd0][0xbb][0xd0][0xb8] [0xd1][0x81][0xd0][0xbe][0xd0][0xbe][0xd0][0xb1][0xd1][0x89][0xd0][0xb5][0xd0][0xbd][0xd0][0xb8][0xd0][0xb5], [0xd0][0xbf][0xd0][0xbe][0xd1][0x81][0xd0][0xbb][0xd0][0xb5][0xd0][0xb4][0xd0][0xbd][0xd0][0xb8][0xd0][0xb5] 4 [0xd1][0x86][0xd0][0xb8][0xd1][0x84][0xd1][0x80][0xd1][0x8b] [0xd1][0x8f][0xd0][0xb2][0xd0][0xbb][0xd1][0x8f][0xd1][0x8e][0xd1][0x82][0xd1][0x81][0xd1][0x8f] [0xd0][0xba][0xd0][0xbe][0xd0][0xb4][0xd0][0xbe][0xd0][0xbc]"}"
17:30:04.193 [main] DEBUG org.apache.http.impl.conn.BasicClientConnectionManager -- Releasing connection org.apache.http.impl.conn.ManagedClientConnectionImpl@59d29065
17:30:04.193 [main] DEBUG org.apache.http.impl.conn.BasicClientConnectionManager -- Connection can be kept alive indefinitely
HTTP/1.1 200 OK
Date: Sun, 23 Mar 2025 12:30:02 GMT
Content-Type: application/json; charset=utf-8
Content-Length: 179
Connection: keep-alive
X-Powered-By: Express
ETag: W/"b3-X2Xmmn7E9r6oWdA7SebJD/7xpWY"
Set-Cookie: ctf_bank_session=s%3A1waNrYXvAvlarduuC609w_tzuLncQ7P9.Xo%2Bbf0XOIcKIhabO5HLWW1XgJHd9ZKjnbYJydPlNuUI; Path=/; HttpOnly
Strict-Transport-Security: max-age=15724800; includeSubDomains

{
    "type": true,
    "text": "Сейчас на ваш телефон поступит звонок или сообщение, последние 4 цифры являются кодом"
}
]]></system-out>
  </testcase>
</testsuite>